[0.066s] DEBUG:colcon:Command line arguments: ['/usr/bin/colcon', 'build']
[0.067s] DEBUG:colcon:Parsed command line arguments: Namespace(log_base=None, log_level=None, verb_name='build', build_base='build', install_base='install', merge_install=False, symlink_install=False, test_result_base=None, continue_on_error=False, executor='parallel', parallel_workers=16, event_handlers=None, ignore_user_meta=False, metas=['./colcon.meta'], base_paths=['.'], packages_ignore=None, packages_ignore_regex=None, paths=None, packages_up_to=None, packages_up_to_regex=None, packages_above=None, packages_above_and_dependencies=None, packages_above_depth=None, packages_select_by_dep=None, packages_skip_by_dep=None, packages_skip_up_to=None, packages_select_build_failed=False, packages_skip_build_finished=False, packages_select_test_failures=False, packages_skip_test_passed=False, packages_select=None, packages_skip=None, packages_select_regex=None, packages_skip_regex=None, packages_start=None, packages_end=None, allow_overriding=[], cmake_args=None, cmake_target=None, cmake_target_skip_unavailable=False, cmake_clean_cache=False, cmake_clean_first=False, cmake_force_configure=False, ament_cmake_args=None, catkin_cmake_args=None, catkin_skip_building_tests=False, mixin_files=None, mixin=None, verb_parser=<colcon_mixin.mixin.mixin_argument.MixinArgumentDecorator object at 0x7d53c2759ae0>, verb_extension=<colcon_core.verb.build.BuildVerb object at 0x7d53c2759630>, main=<bound method BuildVerb.main of <colcon_core.verb.build.BuildVerb object at 0x7d53c2759630>>, mixin_verb=('build',))
[0.165s] Level 1:colcon.colcon_core.package_discovery:discover_packages(colcon_meta) check parameters
[0.165s] Level 1:colcon.colcon_core.package_discovery:discover_packages(recursive) check parameters
[0.165s] Level 1:colcon.colcon_core.package_discovery:discover_packages(ignore) check parameters
[0.165s] Level 1:colcon.colcon_core.package_discovery:discover_packages(path) check parameters
[0.165s] Level 1:colcon.colcon_core.package_discovery:discover_packages(colcon_meta) discover
[0.165s] Level 1:colcon.colcon_core.package_discovery:discover_packages(recursive) discover
[0.165s] INFO:colcon.colcon_core.package_discovery:Crawling recursively for packages in '/home/amadee/41068_ws/src/41068_Robotics_Studio_1'
[0.165s] Level 1:colcon.colcon_core.package_identification:_identify(.) by extensions ['ignore', 'ignore_ament_install']
[0.165s] Level 1:colcon.colcon_core.package_identification:_identify(.) by extension 'ignore'
[0.165s] Level 1:colcon.colcon_core.package_identification:_identify(.) by extension 'ignore_ament_install'
[0.165s] Level 1:colcon.colcon_core.package_identification:_identify(.) by extensions ['colcon_pkg']
[0.165s] Level 1:colcon.colcon_core.package_identification:_identify(.) by extension 'colcon_pkg'
[0.165s] Level 1:colcon.colcon_core.package_identification:_identify(.) by extensions ['colcon_meta']
[0.165s] Level 1:colcon.colcon_core.package_identification:_identify(.) by extension 'colcon_meta'
[0.165s] Level 1:colcon.colcon_core.package_identification:_identify(.) by extensions ['ros']
[0.165s] Level 1:colcon.colcon_core.package_identification:_identify(.) by extension 'ros'
[0.172s] Level 1:colcon.colcon_core.package_identification:_identify(.) by extensions ['cmake', 'python']
[0.172s] Level 1:colcon.colcon_core.package_identification:_identify(.) by extension 'cmake'
[0.172s] Level 1:colcon.colcon_core.package_identification:_identify(.) by extension 'python'
[0.172s] Level 1:colcon.colcon_core.package_identification:_identify(.) by extensions ['python_setup_py']
[0.172s] Level 1:colcon.colcon_core.package_identification:_identify(.) by extension 'python_setup_py'
[0.173s] Level 1:colcon.colcon_core.package_identification:_identify(build) by extensions ['ignore', 'ignore_ament_install']
[0.173s] Level 1:colcon.colcon_core.package_identification:_identify(build) by extension 'ignore'
[0.173s] Level 1:colcon.colcon_core.package_identification:_identify(build) ignored
[0.173s] Level 1:colcon.colcon_core.package_identification:_identify(install) by extensions ['ignore', 'ignore_ament_install']
[0.173s] Level 1:colcon.colcon_core.package_identification:_identify(install) by extension 'ignore'
[0.173s] Level 1:colcon.colcon_core.package_identification:_identify(install) ignored
[0.173s] Level 1:colcon.colcon_core.package_identification:_identify(log) by extensions ['ignore', 'ignore_ament_install']
[0.173s] Level 1:colcon.colcon_core.package_identification:_identify(log) by extension 'ignore'
[0.173s] Level 1:colcon.colcon_core.package_identification:_identify(log) ignored
[0.173s] Level 1:colcon.colcon_core.package_identification:_identify(simulations) by extensions ['ignore', 'ignore_ament_install']
[0.173s] Level 1:colcon.colcon_core.package_identification:_identify(simulations) by extension 'ignore'
[0.173s] Level 1:colcon.colcon_core.package_identification:_identify(simulations) by extension 'ignore_ament_install'
[0.173s] Level 1:colcon.colcon_core.package_identification:_identify(simulations) by extensions ['colcon_pkg']
[0.173s] Level 1:colcon.colcon_core.package_identification:_identify(simulations) by extension 'colcon_pkg'
[0.173s] Level 1:colcon.colcon_core.package_identification:_identify(simulations) by extensions ['colcon_meta']
[0.173s] Level 1:colcon.colcon_core.package_identification:_identify(simulations) by extension 'colcon_meta'
[0.173s] Level 1:colcon.colcon_core.package_identification:_identify(simulations) by extensions ['ros']
[0.173s] Level 1:colcon.colcon_core.package_identification:_identify(simulations) by extension 'ros'
[0.173s] Level 1:colcon.colcon_core.package_identification:_identify(simulations) by extensions ['cmake', 'python']
[0.173s] Level 1:colcon.colcon_core.package_identification:_identify(simulations) by extension 'cmake'
[0.173s] Level 1:colcon.colcon_core.package_identification:_identify(simulations) by extension 'python'
[0.173s] Level 1:colcon.colcon_core.package_identification:_identify(simulations) by extensions ['python_setup_py']
[0.173s] Level 1:colcon.colcon_core.package_identification:_identify(simulations) by extension 'python_setup_py'
[0.173s] Level 1:colcon.colcon_core.package_identification:_identify(simulations/41068_ignition_bringup) by extensions ['ignore', 'ignore_ament_install']
[0.173s] Level 1:colcon.colcon_core.package_identification:_identify(simulations/41068_ignition_bringup) by extension 'ignore'
[0.173s] Level 1:colcon.colcon_core.package_identification:_identify(simulations/41068_ignition_bringup) by extension 'ignore_ament_install'
[0.173s] Level 1:colcon.colcon_core.package_identification:_identify(simulations/41068_ignition_bringup) by extensions ['colcon_pkg']
[0.173s] Level 1:colcon.colcon_core.package_identification:_identify(simulations/41068_ignition_bringup) by extension 'colcon_pkg'
[0.173s] Level 1:colcon.colcon_core.package_identification:_identify(simulations/41068_ignition_bringup) by extensions ['colcon_meta']
[0.174s] Level 1:colcon.colcon_core.package_identification:_identify(simulations/41068_ignition_bringup) by extension 'colcon_meta'
[0.174s] Level 1:colcon.colcon_core.package_identification:_identify(simulations/41068_ignition_bringup) by extensions ['ros']
[0.174s] Level 1:colcon.colcon_core.package_identification:_identify(simulations/41068_ignition_bringup) by extension 'ros'
[0.176s] DEBUG:colcon.colcon_core.package_identification:Package 'simulations/41068_ignition_bringup' with type 'ros.ament_cmake' and name '41068_ignition_bringup'
[0.176s] Level 1:colcon.colcon_core.package_identification:_identify(subsystems) by extensions ['ignore', 'ignore_ament_install']
[0.176s] Level 1:colcon.colcon_core.package_identification:_identify(subsystems) by extension 'ignore'
[0.176s] Level 1:colcon.colcon_core.package_identification:_identify(subsystems) by extension 'ignore_ament_install'
[0.176s] Level 1:colcon.colcon_core.package_identification:_identify(subsystems) by extensions ['colcon_pkg']
[0.176s] Level 1:colcon.colcon_core.package_identification:_identify(subsystems) by extension 'colcon_pkg'
[0.176s] Level 1:colcon.colcon_core.package_identification:_identify(subsystems) by extensions ['colcon_meta']
[0.176s] Level 1:colcon.colcon_core.package_identification:_identify(subsystems) by extension 'colcon_meta'
[0.176s] Level 1:colcon.colcon_core.package_identification:_identify(subsystems) by extensions ['ros']
[0.176s] Level 1:colcon.colcon_core.package_identification:_identify(subsystems) by extension 'ros'
[0.177s] DEBUG:colcon.colcon_core.package_identification:Package 'subsystems' with type 'ros.ament_cmake' and name 'drone_teleop'
[0.177s] Level 1:colcon.colcon_core.package_discovery:discover_packages(recursive) using defaults
[0.177s] Level 1:colcon.colcon_core.package_discovery:discover_packages(ignore) discover
[0.177s] Level 1:colcon.colcon_core.package_discovery:discover_packages(ignore) using defaults
[0.177s] Level 1:colcon.colcon_core.package_discovery:discover_packages(path) discover
[0.177s] Level 1:colcon.colcon_core.package_discovery:discover_packages(path) using defaults
[0.204s] Level 1:colcon.colcon_core.package_discovery:discover_packages(prefix_path) check parameters
[0.205s] Level 1:colcon.colcon_core.package_discovery:discover_packages(prefix_path) discover
[0.207s] DEBUG:colcon.colcon_installed_package_information.package_discovery:Found 2 installed packages in /home/amadee/41068_ws/install
[0.209s] DEBUG:colcon.colcon_installed_package_information.package_discovery:Found 398 installed packages in /opt/ros/humble
[0.211s] Level 1:colcon.colcon_core.package_discovery:discover_packages(prefix_path) using defaults
[0.243s] Level 5:colcon.colcon_core.verb:set package '41068_ignition_bringup' build argument 'cmake_args' from command line to 'None'
[0.243s] Level 5:colcon.colcon_core.verb:set package '41068_ignition_bringup' build argument 'cmake_target' from command line to 'None'
[0.243s] Level 5:colcon.colcon_core.verb:set package '41068_ignition_bringup' build argument 'cmake_target_skip_unavailable' from command line to 'False'
[0.243s] Level 5:colcon.colcon_core.verb:set package '41068_ignition_bringup' build argument 'cmake_clean_cache' from command line to 'False'
[0.243s] Level 5:colcon.colcon_core.verb:set package '41068_ignition_bringup' build argument 'cmake_clean_first' from command line to 'False'
[0.243s] Level 5:colcon.colcon_core.verb:set package '41068_ignition_bringup' build argument 'cmake_force_configure' from command line to 'False'
[0.243s] Level 5:colcon.colcon_core.verb:set package '41068_ignition_bringup' build argument 'ament_cmake_args' from command line to 'None'
[0.243s] Level 5:colcon.colcon_core.verb:set package '41068_ignition_bringup' build argument 'catkin_cmake_args' from command line to 'None'
[0.243s] Level 5:colcon.colcon_core.verb:set package '41068_ignition_bringup' build argument 'catkin_skip_building_tests' from command line to 'False'
[0.243s] DEBUG:colcon.colcon_core.verb:Building package '41068_ignition_bringup' with the following arguments: {'ament_cmake_args': None, 'build_base': '/home/amadee/41068_ws/src/41068_Robotics_Studio_1/build/41068_ignition_bringup', 'catkin_cmake_args': None, 'catkin_skip_building_tests': False, 'cmake_args': None, 'cmake_clean_cache': False, 'cmake_clean_first': False, 'cmake_force_configure': False, 'cmake_target': None, 'cmake_target_skip_unavailable': False, 'install_base': '/home/amadee/41068_ws/src/41068_Robotics_Studio_1/install/41068_ignition_bringup', 'merge_install': False, 'path': '/home/amadee/41068_ws/src/41068_Robotics_Studio_1/simulations/41068_ignition_bringup', 'symlink_install': False, 'test_result_base': None}
[0.243s] Level 5:colcon.colcon_core.verb:set package 'drone_teleop' build argument 'cmake_args' from command line to 'None'
[0.243s] Level 5:colcon.colcon_core.verb:set package 'drone_teleop' build argument 'cmake_target' from command line to 'None'
[0.243s] Level 5:colcon.colcon_core.verb:set package 'drone_teleop' build argument 'cmake_target_skip_unavailable' from command line to 'False'
[0.243s] Level 5:colcon.colcon_core.verb:set package 'drone_teleop' build argument 'cmake_clean_cache' from command line to 'False'
[0.243s] Level 5:colcon.colcon_core.verb:set package 'drone_teleop' build argument 'cmake_clean_first' from command line to 'False'
[0.243s] Level 5:colcon.colcon_core.verb:set package 'drone_teleop' build argument 'cmake_force_configure' from command line to 'False'
[0.243s] Level 5:colcon.colcon_core.verb:set package 'drone_teleop' build argument 'ament_cmake_args' from command line to 'None'
[0.243s] Level 5:colcon.colcon_core.verb:set package 'drone_teleop' build argument 'catkin_cmake_args' from command line to 'None'
[0.243s] Level 5:colcon.colcon_core.verb:set package 'drone_teleop' build argument 'catkin_skip_building_tests' from command line to 'False'
[0.243s] DEBUG:colcon.colcon_core.verb:Building package 'drone_teleop' with the following arguments: {'ament_cmake_args': None, 'build_base': '/home/amadee/41068_ws/src/41068_Robotics_Studio_1/build/drone_teleop', 'catkin_cmake_args': None, 'catkin_skip_building_tests': False, 'cmake_args': None, 'cmake_clean_cache': False, 'cmake_clean_first': False, 'cmake_force_configure': False, 'cmake_target': None, 'cmake_target_skip_unavailable': False, 'install_base': '/home/amadee/41068_ws/src/41068_Robotics_Studio_1/install/drone_teleop', 'merge_install': False, 'path': '/home/amadee/41068_ws/src/41068_Robotics_Studio_1/subsystems', 'symlink_install': False, 'test_result_base': None}
[0.244s] INFO:colcon.colcon_core.executor:Executing jobs using 'parallel' executor
[0.244s] DEBUG:colcon.colcon_parallel_executor.executor.parallel:run_until_complete
[0.244s] INFO:colcon.colcon_ros.task.ament_cmake.build:Building ROS package in '/home/amadee/41068_ws/src/41068_Robotics_Studio_1/simulations/41068_ignition_bringup' with build type 'ament_cmake'
[0.245s] INFO:colcon.colcon_cmake.task.cmake.build:Building CMake package in '/home/amadee/41068_ws/src/41068_Robotics_Studio_1/simulations/41068_ignition_bringup'
[0.246s] INFO:colcon.colcon_core.plugin_system:Skipping extension 'colcon_core.shell.bat': Not used on non-Windows systems
[0.246s] INFO:colcon.colcon_core.shell:Skip shell extension 'powershell' for command environment: Not usable outside of PowerShell
[0.246s] DEBUG:colcon.colcon_core.shell:Skip shell extension 'dsv' for command environment
[0.248s] INFO:colcon.colcon_ros.task.ament_cmake.build:Building ROS package in '/home/amadee/41068_ws/src/41068_Robotics_Studio_1/subsystems' with build type 'ament_cmake'
[0.248s] INFO:colcon.colcon_cmake.task.cmake.build:Building CMake package in '/home/amadee/41068_ws/src/41068_Robotics_Studio_1/subsystems'
[0.249s] INFO:colcon.colcon_core.shell:Skip shell extension 'powershell' for command environment: Not usable outside of PowerShell
[0.249s] DEBUG:colcon.colcon_core.shell:Skip shell extension 'dsv' for command environment
[0.253s] DEBUG:colcon.colcon_core.event_handler.log_command:Invoking command in '/home/amadee/41068_ws/src/41068_Robotics_Studio_1/build/41068_ignition_bringup': CMAKE_PREFIX_PATH=${CMAKE_PREFIX_PATH}:/opt/ros/humble /usr/bin/cmake /home/amadee/41068_ws/src/41068_Robotics_Studio_1/simulations/41068_ignition_bringup -DCMAKE_INSTALL_PREFIX=/home/amadee/41068_ws/src/41068_Robotics_Studio_1/install/41068_ignition_bringup
[0.255s] DEBUG:colcon.colcon_core.event_handler.log_command:Invoking command in '/home/amadee/41068_ws/src/41068_Robotics_Studio_1/build/drone_teleop': CMAKE_PREFIX_PATH=${CMAKE_PREFIX_PATH}:/opt/ros/humble /usr/bin/cmake /home/amadee/41068_ws/src/41068_Robotics_Studio_1/subsystems -DCMAKE_INSTALL_PREFIX=/home/amadee/41068_ws/src/41068_Robotics_Studio_1/install/drone_teleop
[1.082s] DEBUG:colcon.colcon_core.event_handler.log_command:Invoked command in '/home/amadee/41068_ws/src/41068_Robotics_Studio_1/build/41068_ignition_bringup' returned '0': CMAKE_PREFIX_PATH=${CMAKE_PREFIX_PATH}:/opt/ros/humble /usr/bin/cmake /home/amadee/41068_ws/src/41068_Robotics_Studio_1/simulations/41068_ignition_bringup -DCMAKE_INSTALL_PREFIX=/home/amadee/41068_ws/src/41068_Robotics_Studio_1/install/41068_ignition_bringup
[1.083s] DEBUG:colcon.colcon_core.event_handler.log_command:Invoking command in '/home/amadee/41068_ws/src/41068_Robotics_Studio_1/build/41068_ignition_bringup': CMAKE_PREFIX_PATH=${CMAKE_PREFIX_PATH}:/opt/ros/humble /usr/bin/cmake --build /home/amadee/41068_ws/src/41068_Robotics_Studio_1/build/41068_ignition_bringup -- -j16 -l16
[1.115s] DEBUG:colcon.colcon_core.event_handler.log_command:Invoked command in '/home/amadee/41068_ws/src/41068_Robotics_Studio_1/build/41068_ignition_bringup' returned '0': CMAKE_PREFIX_PATH=${CMAKE_PREFIX_PATH}:/opt/ros/humble /usr/bin/cmake --build /home/amadee/41068_ws/src/41068_Robotics_Studio_1/build/41068_ignition_bringup -- -j16 -l16
[1.124s] DEBUG:colcon.colcon_core.event_handler.log_command:Invoking command in '/home/amadee/41068_ws/src/41068_Robotics_Studio_1/build/41068_ignition_bringup': CMAKE_PREFIX_PATH=${CMAKE_PREFIX_PATH}:/opt/ros/humble /usr/bin/cmake --install /home/amadee/41068_ws/src/41068_Robotics_Studio_1/build/41068_ignition_bringup
[1.220s] Level 1:colcon.colcon_core.environment:create_environment_scripts_only(41068_ignition_bringup)
[1.221s] DEBUG:colcon.colcon_core.event_handler.log_command:Invoked command in '/home/amadee/41068_ws/src/41068_Robotics_Studio_1/build/41068_ignition_bringup' returned '0': CMAKE_PREFIX_PATH=${CMAKE_PREFIX_PATH}:/opt/ros/humble /usr/bin/cmake --install /home/amadee/41068_ws/src/41068_Robotics_Studio_1/build/41068_ignition_bringup
[1.224s] Level 1:colcon.colcon_core.environment:checking '/home/amadee/41068_ws/src/41068_Robotics_Studio_1/install/41068_ignition_bringup' for CMake module files
[1.224s] Level 1:colcon.colcon_core.environment:checking '/home/amadee/41068_ws/src/41068_Robotics_Studio_1/install/41068_ignition_bringup' for CMake config files
[1.225s] Level 1:colcon.colcon_core.shell:create_environment_hook('41068_ignition_bringup', 'cmake_prefix_path')
[1.225s] INFO:colcon.colcon_core.shell:Creating environment hook '/home/amadee/41068_ws/src/41068_Robotics_Studio_1/install/41068_ignition_bringup/share/41068_ignition_bringup/hook/cmake_prefix_path.ps1'
[1.226s] INFO:colcon.colcon_core.shell:Creating environment descriptor '/home/amadee/41068_ws/src/41068_Robotics_Studio_1/install/41068_ignition_bringup/share/41068_ignition_bringup/hook/cmake_prefix_path.dsv'
[1.226s] INFO:colcon.colcon_core.shell:Creating environment hook '/home/amadee/41068_ws/src/41068_Robotics_Studio_1/install/41068_ignition_bringup/share/41068_ignition_bringup/hook/cmake_prefix_path.sh'
[1.227s] Level 1:colcon.colcon_core.environment:checking '/home/amadee/41068_ws/src/41068_Robotics_Studio_1/install/41068_ignition_bringup/lib'
[1.228s] Level 1:colcon.colcon_core.environment:checking '/home/amadee/41068_ws/src/41068_Robotics_Studio_1/install/41068_ignition_bringup/bin'
[1.228s] Level 1:colcon.colcon_core.environment:checking '/home/amadee/41068_ws/src/41068_Robotics_Studio_1/install/41068_ignition_bringup/lib/pkgconfig/41068_ignition_bringup.pc'
[1.228s] Level 1:colcon.colcon_core.environment:checking '/home/amadee/41068_ws/src/41068_Robotics_Studio_1/install/41068_ignition_bringup/lib/python3.10/site-packages'
[1.228s] Level 1:colcon.colcon_core.environment:checking '/home/amadee/41068_ws/src/41068_Robotics_Studio_1/install/41068_ignition_bringup/bin'
[1.229s] INFO:colcon.colcon_core.shell:Creating package script '/home/amadee/41068_ws/src/41068_Robotics_Studio_1/install/41068_ignition_bringup/share/41068_ignition_bringup/package.ps1'
[1.230s] INFO:colcon.colcon_core.shell:Creating package descriptor '/home/amadee/41068_ws/src/41068_Robotics_Studio_1/install/41068_ignition_bringup/share/41068_ignition_bringup/package.dsv'
[1.231s] INFO:colcon.colcon_core.shell:Creating package script '/home/amadee/41068_ws/src/41068_Robotics_Studio_1/install/41068_ignition_bringup/share/41068_ignition_bringup/package.sh'
[1.232s] INFO:colcon.colcon_core.shell:Creating package script '/home/amadee/41068_ws/src/41068_Robotics_Studio_1/install/41068_ignition_bringup/share/41068_ignition_bringup/package.bash'
[1.233s] INFO:colcon.colcon_core.shell:Creating package script '/home/amadee/41068_ws/src/41068_Robotics_Studio_1/install/41068_ignition_bringup/share/41068_ignition_bringup/package.zsh'
[1.233s] Level 1:colcon.colcon_core.environment:create_file_with_runtime_dependencies(/home/amadee/41068_ws/src/41068_Robotics_Studio_1/install/41068_ignition_bringup/share/colcon-core/packages/41068_ignition_bringup)
[1.234s] Level 1:colcon.colcon_core.environment:create_environment_scripts_only(41068_ignition_bringup)
[1.234s] Level 1:colcon.colcon_core.environment:checking '/home/amadee/41068_ws/src/41068_Robotics_Studio_1/install/41068_ignition_bringup' for CMake module files
[1.234s] Level 1:colcon.colcon_core.environment:checking '/home/amadee/41068_ws/src/41068_Robotics_Studio_1/install/41068_ignition_bringup' for CMake config files
[1.234s] Level 1:colcon.colcon_core.shell:create_environment_hook('41068_ignition_bringup', 'cmake_prefix_path')
[1.234s] INFO:colcon.colcon_core.shell:Creating environment hook '/home/amadee/41068_ws/src/41068_Robotics_Studio_1/install/41068_ignition_bringup/share/41068_ignition_bringup/hook/cmake_prefix_path.ps1'
[1.235s] INFO:colcon.colcon_core.shell:Creating environment descriptor '/home/amadee/41068_ws/src/41068_Robotics_Studio_1/install/41068_ignition_bringup/share/41068_ignition_bringup/hook/cmake_prefix_path.dsv'
[1.235s] INFO:colcon.colcon_core.shell:Creating environment hook '/home/amadee/41068_ws/src/41068_Robotics_Studio_1/install/41068_ignition_bringup/share/41068_ignition_bringup/hook/cmake_prefix_path.sh'
[1.235s] Level 1:colcon.colcon_core.environment:checking '/home/amadee/41068_ws/src/41068_Robotics_Studio_1/install/41068_ignition_bringup/lib'
[1.235s] Level 1:colcon.colcon_core.environment:checking '/home/amadee/41068_ws/src/41068_Robotics_Studio_1/install/41068_ignition_bringup/bin'
[1.235s] Level 1:colcon.colcon_core.environment:checking '/home/amadee/41068_ws/src/41068_Robotics_Studio_1/install/41068_ignition_bringup/lib/pkgconfig/41068_ignition_bringup.pc'
[1.236s] Level 1:colcon.colcon_core.environment:checking '/home/amadee/41068_ws/src/41068_Robotics_Studio_1/install/41068_ignition_bringup/lib/python3.10/site-packages'
[1.236s] Level 1:colcon.colcon_core.environment:checking '/home/amadee/41068_ws/src/41068_Robotics_Studio_1/install/41068_ignition_bringup/bin'
[1.236s] INFO:colcon.colcon_core.shell:Creating package script '/home/amadee/41068_ws/src/41068_Robotics_Studio_1/install/41068_ignition_bringup/share/41068_ignition_bringup/package.ps1'
[1.237s] INFO:colcon.colcon_core.shell:Creating package descriptor '/home/amadee/41068_ws/src/41068_Robotics_Studio_1/install/41068_ignition_bringup/share/41068_ignition_bringup/package.dsv'
[1.237s] INFO:colcon.colcon_core.shell:Creating package script '/home/amadee/41068_ws/src/41068_Robotics_Studio_1/install/41068_ignition_bringup/share/41068_ignition_bringup/package.sh'
[1.238s] INFO:colcon.colcon_core.shell:Creating package script '/home/amadee/41068_ws/src/41068_Robotics_Studio_1/install/41068_ignition_bringup/share/41068_ignition_bringup/package.bash'
[1.238s] INFO:colcon.colcon_core.shell:Creating package script '/home/amadee/41068_ws/src/41068_Robotics_Studio_1/install/41068_ignition_bringup/share/41068_ignition_bringup/package.zsh'
[1.238s] Level 1:colcon.colcon_core.environment:create_file_with_runtime_dependencies(/home/amadee/41068_ws/src/41068_Robotics_Studio_1/install/41068_ignition_bringup/share/colcon-core/packages/41068_ignition_bringup)
[1.489s] DEBUG:colcon.colcon_core.event_handler.log_command:Invoked command in '/home/amadee/41068_ws/src/41068_Robotics_Studio_1/build/drone_teleop' returned '0': CMAKE_PREFIX_PATH=${CMAKE_PREFIX_PATH}:/opt/ros/humble /usr/bin/cmake /home/amadee/41068_ws/src/41068_Robotics_Studio_1/subsystems -DCMAKE_INSTALL_PREFIX=/home/amadee/41068_ws/src/41068_Robotics_Studio_1/install/drone_teleop
[1.490s] DEBUG:colcon.colcon_core.event_handler.log_command:Invoking command in '/home/amadee/41068_ws/src/41068_Robotics_Studio_1/build/drone_teleop': CMAKE_PREFIX_PATH=${CMAKE_PREFIX_PATH}:/opt/ros/humble /usr/bin/cmake --build /home/amadee/41068_ws/src/41068_Robotics_Studio_1/build/drone_teleop -- -j16 -l16
[7.893s] DEBUG:colcon.colcon_core.event_handler.log_command:Invoked command in '/home/amadee/41068_ws/src/41068_Robotics_Studio_1/build/drone_teleop' returned '0': CMAKE_PREFIX_PATH=${CMAKE_PREFIX_PATH}:/opt/ros/humble /usr/bin/cmake --build /home/amadee/41068_ws/src/41068_Robotics_Studio_1/build/drone_teleop -- -j16 -l16
[7.895s] DEBUG:colcon.colcon_core.event_handler.log_command:Invoking command in '/home/amadee/41068_ws/src/41068_Robotics_Studio_1/build/drone_teleop': CMAKE_PREFIX_PATH=${CMAKE_PREFIX_PATH}:/opt/ros/humble /usr/bin/cmake --install /home/amadee/41068_ws/src/41068_Robotics_Studio_1/build/drone_teleop
[7.918s] Level 1:colcon.colcon_core.environment:create_environment_scripts_only(drone_teleop)
[7.919s] Level 1:colcon.colcon_core.environment:checking '/home/amadee/41068_ws/src/41068_Robotics_Studio_1/install/drone_teleop' for CMake module files
[7.919s] DEBUG:colcon.colcon_core.event_handler.log_command:Invoked command in '/home/amadee/41068_ws/src/41068_Robotics_Studio_1/build/drone_teleop' returned '0': CMAKE_PREFIX_PATH=${CMAKE_PREFIX_PATH}:/opt/ros/humble /usr/bin/cmake --install /home/amadee/41068_ws/src/41068_Robotics_Studio_1/build/drone_teleop
[7.920s] Level 1:colcon.colcon_core.environment:checking '/home/amadee/41068_ws/src/41068_Robotics_Studio_1/install/drone_teleop' for CMake config files
[7.920s] Level 1:colcon.colcon_core.shell:create_environment_hook('drone_teleop', 'cmake_prefix_path')
[7.920s] INFO:colcon.colcon_core.shell:Creating environment hook '/home/amadee/41068_ws/src/41068_Robotics_Studio_1/install/drone_teleop/share/drone_teleop/hook/cmake_prefix_path.ps1'
[7.921s] INFO:colcon.colcon_core.shell:Creating environment descriptor '/home/amadee/41068_ws/src/41068_Robotics_Studio_1/install/drone_teleop/share/drone_teleop/hook/cmake_prefix_path.dsv'
[7.922s] INFO:colcon.colcon_core.shell:Creating environment hook '/home/amadee/41068_ws/src/41068_Robotics_Studio_1/install/drone_teleop/share/drone_teleop/hook/cmake_prefix_path.sh'
[7.923s] Level 1:colcon.colcon_core.environment:checking '/home/amadee/41068_ws/src/41068_Robotics_Studio_1/install/drone_teleop/lib'
[7.923s] Level 1:colcon.colcon_core.environment:checking '/home/amadee/41068_ws/src/41068_Robotics_Studio_1/install/drone_teleop/bin'
[7.923s] Level 1:colcon.colcon_core.environment:checking '/home/amadee/41068_ws/src/41068_Robotics_Studio_1/install/drone_teleop/lib/pkgconfig/drone_teleop.pc'
[7.924s] Level 1:colcon.colcon_core.environment:checking '/home/amadee/41068_ws/src/41068_Robotics_Studio_1/install/drone_teleop/lib/python3.10/site-packages'
[7.924s] Level 1:colcon.colcon_core.environment:checking '/home/amadee/41068_ws/src/41068_Robotics_Studio_1/install/drone_teleop/bin'
[7.925s] INFO:colcon.colcon_core.shell:Creating package script '/home/amadee/41068_ws/src/41068_Robotics_Studio_1/install/drone_teleop/share/drone_teleop/package.ps1'
[7.925s] INFO:colcon.colcon_core.shell:Creating package descriptor '/home/amadee/41068_ws/src/41068_Robotics_Studio_1/install/drone_teleop/share/drone_teleop/package.dsv'
[7.926s] INFO:colcon.colcon_core.shell:Creating package script '/home/amadee/41068_ws/src/41068_Robotics_Studio_1/install/drone_teleop/share/drone_teleop/package.sh'
[7.927s] INFO:colcon.colcon_core.shell:Creating package script '/home/amadee/41068_ws/src/41068_Robotics_Studio_1/install/drone_teleop/share/drone_teleop/package.bash'
[7.928s] INFO:colcon.colcon_core.shell:Creating package script '/home/amadee/41068_ws/src/41068_Robotics_Studio_1/install/drone_teleop/share/drone_teleop/package.zsh'
[7.928s] Level 1:colcon.colcon_core.environment:create_file_with_runtime_dependencies(/home/amadee/41068_ws/src/41068_Robotics_Studio_1/install/drone_teleop/share/colcon-core/packages/drone_teleop)
[7.929s] Level 1:colcon.colcon_core.environment:create_environment_scripts_only(drone_teleop)
[7.929s] Level 1:colcon.colcon_core.environment:checking '/home/amadee/41068_ws/src/41068_Robotics_Studio_1/install/drone_teleop' for CMake module files
[7.930s] Level 1:colcon.colcon_core.environment:checking '/home/amadee/41068_ws/src/41068_Robotics_Studio_1/install/drone_teleop' for CMake config files
[7.930s] Level 1:colcon.colcon_core.shell:create_environment_hook('drone_teleop', 'cmake_prefix_path')
[7.931s] INFO:colcon.colcon_core.shell:Creating environment hook '/home/amadee/41068_ws/src/41068_Robotics_Studio_1/install/drone_teleop/share/drone_teleop/hook/cmake_prefix_path.ps1'
[7.931s] INFO:colcon.colcon_core.shell:Creating environment descriptor '/home/amadee/41068_ws/src/41068_Robotics_Studio_1/install/drone_teleop/share/drone_teleop/hook/cmake_prefix_path.dsv'
[7.932s] INFO:colcon.colcon_core.shell:Creating environment hook '/home/amadee/41068_ws/src/41068_Robotics_Studio_1/install/drone_teleop/share/drone_teleop/hook/cmake_prefix_path.sh'
[7.933s] Level 1:colcon.colcon_core.environment:checking '/home/amadee/41068_ws/src/41068_Robotics_Studio_1/install/drone_teleop/lib'
[7.933s] Level 1:colcon.colcon_core.environment:checking '/home/amadee/41068_ws/src/41068_Robotics_Studio_1/install/drone_teleop/bin'
[7.933s] Level 1:colcon.colcon_core.environment:checking '/home/amadee/41068_ws/src/41068_Robotics_Studio_1/install/drone_teleop/lib/pkgconfig/drone_teleop.pc'
[7.933s] Level 1:colcon.colcon_core.environment:checking '/home/amadee/41068_ws/src/41068_Robotics_Studio_1/install/drone_teleop/lib/python3.10/site-packages'
[7.933s] Level 1:colcon.colcon_core.environment:checking '/home/amadee/41068_ws/src/41068_Robotics_Studio_1/install/drone_teleop/bin'
[7.934s] INFO:colcon.colcon_core.shell:Creating package script '/home/amadee/41068_ws/src/41068_Robotics_Studio_1/install/drone_teleop/share/drone_teleop/package.ps1'
[7.935s] INFO:colcon.colcon_core.shell:Creating package descriptor '/home/amadee/41068_ws/src/41068_Robotics_Studio_1/install/drone_teleop/share/drone_teleop/package.dsv'
[7.935s] INFO:colcon.colcon_core.shell:Creating package script '/home/amadee/41068_ws/src/41068_Robotics_Studio_1/install/drone_teleop/share/drone_teleop/package.sh'
[7.936s] INFO:colcon.colcon_core.shell:Creating package script '/home/amadee/41068_ws/src/41068_Robotics_Studio_1/install/drone_teleop/share/drone_teleop/package.bash'
[7.936s] INFO:colcon.colcon_core.shell:Creating package script '/home/amadee/41068_ws/src/41068_Robotics_Studio_1/install/drone_teleop/share/drone_teleop/package.zsh'
[7.937s] Level 1:colcon.colcon_core.environment:create_file_with_runtime_dependencies(/home/amadee/41068_ws/src/41068_Robotics_Studio_1/install/drone_teleop/share/colcon-core/packages/drone_teleop)
[7.937s] DEBUG:colcon.colcon_parallel_executor.executor.parallel:closing loop
[7.938s] DEBUG:colcon.colcon_parallel_executor.executor.parallel:loop closed
[7.938s] DEBUG:colcon.colcon_parallel_executor.executor.parallel:run_until_complete finished with '0'
[7.938s] DEBUG:colcon.colcon_core.event_reactor:joining thread
[7.944s] INFO:colcon.colcon_core.plugin_system:Skipping extension 'colcon_notification.desktop_notification.terminal_notifier': Not used on non-Darwin systems
[7.945s] INFO:colcon.colcon_core.plugin_system:Skipping extension 'colcon_notification.desktop_notification.win32': Not used on non-Windows systems
[7.945s] INFO:colcon.colcon_notification.desktop_notification:Sending desktop notification using 'notify2'
[7.961s] DEBUG:colcon.colcon_core.event_reactor:joined thread
[7.962s] INFO:colcon.colcon_core.shell:Creating prefix script '/home/amadee/41068_ws/src/41068_Robotics_Studio_1/install/local_setup.ps1'
[7.963s] INFO:colcon.colcon_core.shell:Creating prefix util module '/home/amadee/41068_ws/src/41068_Robotics_Studio_1/install/_local_setup_util_ps1.py'
[7.964s] INFO:colcon.colcon_core.shell:Creating prefix chain script '/home/amadee/41068_ws/src/41068_Robotics_Studio_1/install/setup.ps1'
[7.966s] INFO:colcon.colcon_core.shell:Creating prefix script '/home/amadee/41068_ws/src/41068_Robotics_Studio_1/install/local_setup.sh'
[7.967s] INFO:colcon.colcon_core.shell:Creating prefix util module '/home/amadee/41068_ws/src/41068_Robotics_Studio_1/install/_local_setup_util_sh.py'
[7.967s] INFO:colcon.colcon_core.shell:Creating prefix chain script '/home/amadee/41068_ws/src/41068_Robotics_Studio_1/install/setup.sh'
[7.968s] INFO:colcon.colcon_core.shell:Creating prefix script '/home/amadee/41068_ws/src/41068_Robotics_Studio_1/install/local_setup.bash'
[7.968s] INFO:colcon.colcon_core.shell:Creating prefix chain script '/home/amadee/41068_ws/src/41068_Robotics_Studio_1/install/setup.bash'
[7.969s] INFO:colcon.colcon_core.shell:Creating prefix script '/home/amadee/41068_ws/src/41068_Robotics_Studio_1/install/local_setup.zsh'
[7.969s] INFO:colcon.colcon_core.shell:Creating prefix chain script '/home/amadee/41068_ws/src/41068_Robotics_Studio_1/install/setup.zsh'
