-- The C compiler identification is GNU 11.4.0
-- The CXX compiler identification is GNU 11.4.0
-- Detecting C compiler ABI info
-- Detecting C compiler ABI info - done
-- Check for working C compiler: /usr/bin/cc - skipped
-- Detecting C compile features
-- Detecting C compile features - done
-- Detecting CXX compiler ABI info
-- Detecting CXX compiler ABI info - done
-- Check for working CXX compiler: /usr/bin/c++ - skipped
-- Detecting CXX compile features
-- Detecting CXX compile features - done
-- Found ament_cmake: 1.3.12 (/opt/ros/humble/share/ament_cmake/cmake)
-- Found Python3: /usr/bin/python3 (found version "3.10.12") found components: Interpreter 
-- Found rclcpp: 16.0.14 (/opt/ros/humble/share/rclcpp/cmake)
-- Found rosidl_generator_c: 3.1.7 (/opt/ros/humble/share/rosidl_generator_c/cmake)
-- Found rosidl_adapter: 3.1.7 (/opt/ros/humble/share/rosidl_adapter/cmake)
-- Found rosidl_generator_cpp: 3.1.7 (/opt/ros/humble/share/rosidl_generator_cpp/cmake)
-- Using all available rosidl_typesupport_c: rosidl_typesupport_fastrtps_c;rosidl_typesupport_introspection_c
-- Using all available rosidl_typesupport_cpp: rosidl_typesupport_fastrtps_cpp;rosidl_typesupport_introspection_cpp
-- Found rmw_implementation_cmake: 6.1.2 (/opt/ros/humble/share/rmw_implementation_cmake/cmake)
-- Found rmw_fastrtps_cpp: 6.2.8 (/opt/ros/humble/share/rmw_fastrtps_cpp/cmake)
-- Found OpenSSL: /usr/lib/x86_64-linux-gnu/libcrypto.so (found version "3.0.2")  
-- Found FastRTPS: /opt/ros/humble/include  
-- Using RMW implementation 'rmw_fastrtps_cpp' as default
-- Looking for pthread.h
-- Looking for pthread.h - found
-- Performing Test CMAKE_HAVE_LIBC_PTHREAD
-- Performing Test CMAKE_HAVE_LIBC_PTHREAD - Success
-- Found Threads: TRUE  
-- Found geometry_msgs: 4.9.0 (/opt/ros/humble/share/geometry_msgs/cmake)
-- Found sensor_msgs: 4.9.0 (/opt/ros/humble/share/sensor_msgs/cmake)
-- Found nav_msgs: 4.9.0 (/opt/ros/humble/share/nav_msgs/cmake)
-- Found ament_lint_auto: 0.12.14 (/opt/ros/humble/share/ament_lint_auto/cmake)
-- Added test 'copyright' to check source files copyright and LICENSE
-- Added test 'cppcheck' to perform static code analysis on C / C++ code
-- Configured cppcheck include dirs: 
-- Configured cppcheck exclude dirs and/or files: 
-- Added test 'cpplint' to check C / C++ code against the Google style
-- Configured cpplint exclude dirs and/or files: 
-- Added test 'flake8' to check Python code syntax and style conventions
-- Added test 'lint_cmake' to check CMake code style
-- Added test 'pep257' to check Python code against some of the docstring style conventions in PEP 257
-- Added test 'uncrustify' to check C / C++ code style
-- Configured uncrustify additional arguments: 
-- Added test 'xmllint' to check XML markup files
-- Configuring done
-- Generating done
-- Build files have been written to: /home/amadee/41068_ws/src/41068_Robotics_Studio_1/build/drone_teleop
[ 25%] [32mBuilding CXX object CMakeFiles/drone_joy_teleop.dir/src/drone_joy_teleop.cpp.o[0m
[ 50%] [32mBuilding CXX object CMakeFiles/combined_joy_teleop.dir/src/combined_joy_teleop.cpp.o[0m
[ 75%] [32m[1mLinking CXX executable combined_joy_teleop[0m
[100%] [32m[1mLinking CXX executable drone_joy_teleop[0m
[100%] Built target combined_joy_teleop
[100%] Built target drone_joy_teleop
-- Install configuration: ""
-- Installing: /home/amadee/41068_ws/src/41068_Robotics_Studio_1/install/drone_teleop/lib/drone_teleop/drone_joy_teleop
-- Set runtime path of "/home/amadee/41068_ws/src/41068_Robotics_Studio_1/install/drone_teleop/lib/drone_teleop/drone_joy_teleop" to ""
-- Installing: /home/amadee/41068_ws/src/41068_Robotics_Studio_1/install/drone_teleop/lib/drone_teleop/combined_joy_teleop
-- Set runtime path of "/home/amadee/41068_ws/src/41068_Robotics_Studio_1/install/drone_teleop/lib/drone_teleop/combined_joy_teleop" to ""
-- Installing: /home/amadee/41068_ws/src/41068_Robotics_Studio_1/install/drone_teleop/share/drone_teleop//launch
-- Installing: /home/amadee/41068_ws/src/41068_Robotics_Studio_1/install/drone_teleop/share/drone_teleop//launch/husky_joy_teleop.launch.py
-- Installing: /home/amadee/41068_ws/src/41068_Robotics_Studio_1/install/drone_teleop/share/drone_teleop//launch/fire_centering.launch.py
-- Installing: /home/amadee/41068_ws/src/41068_Robotics_Studio_1/install/drone_teleop/share/drone_teleop//launch/combined_joy_teleop.launch.py
-- Installing: /home/amadee/41068_ws/src/41068_Robotics_Studio_1/install/drone_teleop/share/drone_teleop//launch/drone_teleop.launch.py
-- Installing: /home/amadee/41068_ws/src/41068_Robotics_Studio_1/install/drone_teleop/share/drone_teleop//launch/drone_joy_teleop.launch.py
-- Installing: /home/amadee/41068_ws/src/41068_Robotics_Studio_1/install/drone_teleop/lib/drone_teleop/fire_centering_node.py
-- Installing: /home/amadee/41068_ws/src/41068_Robotics_Studio_1/install/drone_teleop/share/ament_index/resource_index/package_run_dependencies/drone_teleop
-- Installing: /home/amadee/41068_ws/src/41068_Robotics_Studio_1/install/drone_teleop/share/ament_index/resource_index/parent_prefix_path/drone_teleop
-- Installing: /home/amadee/41068_ws/src/41068_Robotics_Studio_1/install/drone_teleop/share/drone_teleop/environment/ament_prefix_path.sh
-- Installing: /home/amadee/41068_ws/src/41068_Robotics_Studio_1/install/drone_teleop/share/drone_teleop/environment/ament_prefix_path.dsv
-- Installing: /home/amadee/41068_ws/src/41068_Robotics_Studio_1/install/drone_teleop/share/drone_teleop/environment/path.sh
-- Installing: /home/amadee/41068_ws/src/41068_Robotics_Studio_1/install/drone_teleop/share/drone_teleop/environment/path.dsv
-- Installing: /home/amadee/41068_ws/src/41068_Robotics_Studio_1/install/drone_teleop/share/drone_teleop/local_setup.bash
-- Installing: /home/amadee/41068_ws/src/41068_Robotics_Studio_1/install/drone_teleop/share/drone_teleop/local_setup.sh
-- Installing: /home/amadee/41068_ws/src/41068_Robotics_Studio_1/install/drone_teleop/share/drone_teleop/local_setup.zsh
-- Installing: /home/amadee/41068_ws/src/41068_Robotics_Studio_1/install/drone_teleop/share/drone_teleop/local_setup.dsv
-- Installing: /home/amadee/41068_ws/src/41068_Robotics_Studio_1/install/drone_teleop/share/drone_teleop/package.dsv
-- Installing: /home/amadee/41068_ws/src/41068_Robotics_Studio_1/install/drone_teleop/share/ament_index/resource_index/packages/drone_teleop
-- Installing: /home/amadee/41068_ws/src/41068_Robotics_Studio_1/install/drone_teleop/share/drone_teleop/cmake/drone_teleopConfig.cmake
-- Installing: /home/amadee/41068_ws/src/41068_Robotics_Studio_1/install/drone_teleop/share/drone_teleop/cmake/drone_teleopConfig-version.cmake
-- Installing: /home/amadee/41068_ws/src/41068_Robotics_Studio_1/install/drone_teleop/share/drone_teleop/package.xml
